DEBUG - 2026-06-28 13:26:37 --> Session: Class initialized using 'CodeIgniter\Session\Handlers\FileHandler' driver.
DEBUG - 2026-06-28 13:26:42 --> Session: Class initialized using 'CodeIgniter\Session\Handlers\FileHandler' driver.
DEBUG - 2026-06-28 13:26:44 --> Session: Class initialized using 'CodeIgniter\Session\Handlers\FileHandler' driver.
DEBUG - 2026-06-28 14:02:25 --> Session: Class initialized using 'CodeIgniter\Session\Handlers\FileHandler' driver.
INFO - 2026-06-28 14:02:25 --> CSRF token verified.
CRITICAL - 2026-06-28 14:02:25 --> TypeError: App\Models\UserModel::updateLastLogin(): Argument #1 ($userId) must be of type int, string given, called in /Users/fred/projects/mdgoatco/app/Controllers/AuthController.php on line 65
[Method: POST, Route: auth/login]
in APPPATH/Models/UserModel.php on line 97.
 1 APPPATH/Controllers/AuthController.php(65): App\Models\UserModel->updateLastLogin('1')
 2 SYSTEMPATH/CodeIgniter.php(974): App\Controllers\AuthController->doLogin()
 3 SYSTEMPATH/CodeIgniter.php(520): CodeIgniter\CodeIgniter->runController(Object(App\Controllers\AuthController))
 4 SYSTEMPATH/CodeIgniter.php(363): CodeIgniter\CodeIgniter->handleRequest(null, Object(Config\Cache), false)
 5 SYSTEMPATH/Boot.php(417): CodeIgniter\CodeIgniter->run()
 6 SYSTEMPATH/Boot.php(68): CodeIgniter\Boot::runCodeIgniter(Object(CodeIgniter\CodeIgniter))
 7 FCPATH/index.php(64): CodeIgniter\Boot::bootWeb(Object(Config\Paths))
 8 SYSTEMPATH/rewrite.php(44): require_once('/Users/fred/projects/mdgoatco/public/index.php')
DEBUG - 2026-06-28 16:43:39 --> Session: Class initialized using 'CodeIgniter\Session\Handlers\FileHandler' driver.
DEBUG - 2026-06-28 16:43:47 --> Session: Class initialized using 'CodeIgniter\Session\Handlers\FileHandler' driver.
INFO - 2026-06-28 16:43:47 --> CSRF token verified.
CRITICAL - 2026-06-28 16:43:47 --> TypeError: App\Models\UserModel::updateLastLogin(): Argument #1 ($userId) must be of type int, string given, called in /Users/fred/projects/mdgoatco/app/Controllers/AuthController.php on line 65
[Method: POST, Route: auth/login]
in APPPATH/Models/UserModel.php on line 97.
 1 APPPATH/Controllers/AuthController.php(65): App\Models\UserModel->updateLastLogin('1')
 2 SYSTEMPATH/CodeIgniter.php(974): App\Controllers\AuthController->doLogin()
 3 SYSTEMPATH/CodeIgniter.php(520): CodeIgniter\CodeIgniter->runController(Object(App\Controllers\AuthController))
 4 SYSTEMPATH/CodeIgniter.php(363): CodeIgniter\CodeIgniter->handleRequest(null, Object(Config\Cache), false)
 5 SYSTEMPATH/Boot.php(417): CodeIgniter\CodeIgniter->run()
 6 SYSTEMPATH/Boot.php(68): CodeIgniter\Boot::runCodeIgniter(Object(CodeIgniter\CodeIgniter))
 7 FCPATH/index.php(64): CodeIgniter\Boot::bootWeb(Object(Config\Paths))
 8 SYSTEMPATH/rewrite.php(44): require_once('/Users/fred/projects/mdgoatco/public/index.php')
DEBUG - 2026-06-28 16:45:17 --> Session: Class initialized using 'CodeIgniter\Session\Handlers\FileHandler' driver.
INFO - 2026-06-28 16:45:17 --> CSRF token verified.
DEBUG - 2026-06-28 16:45:17 --> Session: Class initialized using 'CodeIgniter\Session\Handlers\FileHandler' driver.
CRITICAL - 2026-06-28 16:45:17 --> Error: Class "PublicController" not found
[Method: GET, Route: admin/dashboard]
in SYSTEMPATH/CodeIgniter.php on line 944.
 1 SYSTEMPATH/CodeIgniter.php(1006): CodeIgniter\CodeIgniter->createController()
 2 SYSTEMPATH/CodeIgniter.php(369): CodeIgniter\CodeIgniter->display404errors(Object(CodeIgniter\Exceptions\PageNotFoundException))
 3 SYSTEMPATH/Boot.php(417): CodeIgniter\CodeIgniter->run()
 4 SYSTEMPATH/Boot.php(68): CodeIgniter\Boot::runCodeIgniter(Object(CodeIgniter\CodeIgniter))
 5 FCPATH/index.php(64): CodeIgniter\Boot::bootWeb(Object(Config\Paths))
 6 SYSTEMPATH/rewrite.php(44): require_once('/Users/fred/projects/mdgoatco/public/index.php')
DEBUG - 2026-06-28 16:45:27 --> Session: Class initialized using 'CodeIgniter\Session\Handlers\FileHandler' driver.
DEBUG - 2026-06-28 16:45:27 --> Session: Class initialized using 'CodeIgniter\Session\Handlers\FileHandler' driver.
CRITICAL - 2026-06-28 16:45:27 --> Error: Class "PublicController" not found
[Method: GET, Route: admin/dashboard]
in SYSTEMPATH/CodeIgniter.php on line 944.
 1 SYSTEMPATH/CodeIgniter.php(1006): CodeIgniter\CodeIgniter->createController()
 2 SYSTEMPATH/CodeIgniter.php(369): CodeIgniter\CodeIgniter->display404errors(Object(CodeIgniter\Exceptions\PageNotFoundException))
 3 SYSTEMPATH/Boot.php(417): CodeIgniter\CodeIgniter->run()
 4 SYSTEMPATH/Boot.php(68): CodeIgniter\Boot::runCodeIgniter(Object(CodeIgniter\CodeIgniter))
 5 FCPATH/index.php(64): CodeIgniter\Boot::bootWeb(Object(Config\Paths))
 6 SYSTEMPATH/rewrite.php(44): require_once('/Users/fred/projects/mdgoatco/public/index.php')
DEBUG - 2026-06-28 16:45:29 --> Session: Class initialized using 'CodeIgniter\Session\Handlers\FileHandler' driver.
DEBUG - 2026-06-28 16:45:33 --> Session: Class initialized using 'CodeIgniter\Session\Handlers\FileHandler' driver.
CRITICAL - 2026-06-28 16:45:33 --> Error: Class "App\Models\NotificationModel" not found
[Method: GET, Route: dashboard]
in APPPATH/Controllers/DashboardController.php on line 32.
 1 SYSTEMPATH/CodeIgniter.php(974): App\Controllers\DashboardController->index()
 2 SYSTEMPATH/CodeIgniter.php(520): CodeIgniter\CodeIgniter->runController(Object(App\Controllers\DashboardController))
 3 SYSTEMPATH/CodeIgniter.php(363): CodeIgniter\CodeIgniter->handleRequest(null, Object(Config\Cache), false)
 4 SYSTEMPATH/Boot.php(417): CodeIgniter\CodeIgniter->run()
 5 SYSTEMPATH/Boot.php(68): CodeIgniter\Boot::runCodeIgniter(Object(CodeIgniter\CodeIgniter))
 6 FCPATH/index.php(64): CodeIgniter\Boot::bootWeb(Object(Config\Paths))
 7 SYSTEMPATH/rewrite.php(44): require_once('/Users/fred/projects/mdgoatco/public/index.php')
