DEBUG - 2026-06-22 00:19:26 --> Session: Class initialized using 'CodeIgniter\Session\Handlers\FileHandler' driver.
DEBUG - 2026-06-22 00:19:27 --> Session: Class initialized using 'CodeIgniter\Session\Handlers\FileHandler' driver.
DEBUG - 2026-06-22 00:19:52 --> Session: Class initialized using 'CodeIgniter\Session\Handlers\FileHandler' driver.
DEBUG - 2026-06-22 00:21:58 --> Session: Class initialized using 'CodeIgniter\Session\Handlers\FileHandler' driver.
INFO - 2026-06-22 00:21:58 --> CSRF token verified.
CRITICAL - 2026-06-22 00:21:58 --> TypeError: App\Models\UserModel::updateLastLogin(): Argument #1 ($userId) must be of type int, string given, called in /Users/fred/projects/mdgoatco/app/Controllers/AuthController.php on line 65
[Method: POST, Route: auth/login]
in APPPATH/Models/UserModel.php on line 97.
 1 APPPATH/Controllers/AuthController.php(65): App\Models\UserModel->updateLastLogin('1')
 2 SYSTEMPATH/CodeIgniter.php(974): App\Controllers\AuthController->doLogin()
 3 SYSTEMPATH/CodeIgniter.php(520): CodeIgniter\CodeIgniter->runController(Object(App\Controllers\AuthController))
 4 SYSTEMPATH/CodeIgniter.php(363): CodeIgniter\CodeIgniter->handleRequest(null, Object(Config\Cache), false)
 5 SYSTEMPATH/Boot.php(417): CodeIgniter\CodeIgniter->run()
 6 SYSTEMPATH/Boot.php(68): CodeIgniter\Boot::runCodeIgniter(Object(CodeIgniter\CodeIgniter))
 7 FCPATH/index.php(64): CodeIgniter\Boot::bootWeb(Object(Config\Paths))
 8 SYSTEMPATH/rewrite.php(44): require_once('/Users/fred/projects/mdgoatco/public/index.php')
DEBUG - 2026-06-22 00:23:08 --> Session: Class initialized using 'CodeIgniter\Session\Handlers\FileHandler' driver.
DEBUG - 2026-06-22 00:23:08 --> Session: Class initialized using 'CodeIgniter\Session\Handlers\FileHandler' driver.
CRITICAL - 2026-06-22 00:23:08 --> Error: Class "PublicController" not found
[Method: GET, Route: admin/dashboard]
in SYSTEMPATH/CodeIgniter.php on line 944.
 1 SYSTEMPATH/CodeIgniter.php(1006): CodeIgniter\CodeIgniter->createController()
 2 SYSTEMPATH/CodeIgniter.php(369): CodeIgniter\CodeIgniter->display404errors(Object(CodeIgniter\Exceptions\PageNotFoundException))
 3 SYSTEMPATH/Boot.php(417): CodeIgniter\CodeIgniter->run()
 4 SYSTEMPATH/Boot.php(68): CodeIgniter\Boot::runCodeIgniter(Object(CodeIgniter\CodeIgniter))
 5 FCPATH/index.php(64): CodeIgniter\Boot::bootWeb(Object(Config\Paths))
 6 SYSTEMPATH/rewrite.php(44): require_once('/Users/fred/projects/mdgoatco/public/index.php')
DEBUG - 2026-06-22 00:23:10 --> Session: Class initialized using 'CodeIgniter\Session\Handlers\FileHandler' driver.
CRITICAL - 2026-06-22 00:23:10 --> Error: Class "PublicController" not found
[Method: GET, Route: admin/dashboard]
in SYSTEMPATH/CodeIgniter.php on line 944.
 1 SYSTEMPATH/CodeIgniter.php(1006): CodeIgniter\CodeIgniter->createController()
 2 SYSTEMPATH/CodeIgniter.php(369): CodeIgniter\CodeIgniter->display404errors(Object(CodeIgniter\Exceptions\PageNotFoundException))
 3 SYSTEMPATH/Boot.php(417): CodeIgniter\CodeIgniter->run()
 4 SYSTEMPATH/Boot.php(68): CodeIgniter\Boot::runCodeIgniter(Object(CodeIgniter\CodeIgniter))
 5 FCPATH/index.php(64): CodeIgniter\Boot::bootWeb(Object(Config\Paths))
 6 SYSTEMPATH/rewrite.php(44): require_once('/Users/fred/projects/mdgoatco/public/index.php')
DEBUG - 2026-06-22 00:23:12 --> Session: Class initialized using 'CodeIgniter\Session\Handlers\FileHandler' driver.
CRITICAL - 2026-06-22 00:23:12 --> Error: Class "PublicController" not found
[Method: GET, Route: admin/dashboard]
in SYSTEMPATH/CodeIgniter.php on line 944.
 1 SYSTEMPATH/CodeIgniter.php(1006): CodeIgniter\CodeIgniter->createController()
 2 SYSTEMPATH/CodeIgniter.php(369): CodeIgniter\CodeIgniter->display404errors(Object(CodeIgniter\Exceptions\PageNotFoundException))
 3 SYSTEMPATH/Boot.php(417): CodeIgniter\CodeIgniter->run()
 4 SYSTEMPATH/Boot.php(68): CodeIgniter\Boot::runCodeIgniter(Object(CodeIgniter\CodeIgniter))
 5 FCPATH/index.php(64): CodeIgniter\Boot::bootWeb(Object(Config\Paths))
 6 SYSTEMPATH/rewrite.php(44): require_once('/Users/fred/projects/mdgoatco/public/index.php')
DEBUG - 2026-06-22 00:23:27 --> Session: Class initialized using 'CodeIgniter\Session\Handlers\FileHandler' driver.
DEBUG - 2026-06-22 00:23:30 --> Session: Class initialized using 'CodeIgniter\Session\Handlers\FileHandler' driver.
DEBUG - 2026-06-22 00:23:30 --> Session: Class initialized using 'CodeIgniter\Session\Handlers\FileHandler' driver.
CRITICAL - 2026-06-22 00:23:30 --> Error: Class "PublicController" not found
[Method: GET, Route: admin/dashboard]
in SYSTEMPATH/CodeIgniter.php on line 944.
 1 SYSTEMPATH/CodeIgniter.php(1006): CodeIgniter\CodeIgniter->createController()
 2 SYSTEMPATH/CodeIgniter.php(369): CodeIgniter\CodeIgniter->display404errors(Object(CodeIgniter\Exceptions\PageNotFoundException))
 3 SYSTEMPATH/Boot.php(417): CodeIgniter\CodeIgniter->run()
 4 SYSTEMPATH/Boot.php(68): CodeIgniter\Boot::runCodeIgniter(Object(CodeIgniter\CodeIgniter))
 5 FCPATH/index.php(64): CodeIgniter\Boot::bootWeb(Object(Config\Paths))
 6 SYSTEMPATH/rewrite.php(44): require_once('/Users/fred/projects/mdgoatco/public/index.php')
DEBUG - 2026-06-22 00:25:48 --> Session: Class initialized using 'CodeIgniter\Session\Handlers\FileHandler' driver.
DEBUG - 2026-06-22 00:26:02 --> Session: Class initialized using 'CodeIgniter\Session\Handlers\FileHandler' driver.
DEBUG - 2026-06-22 00:26:14 --> Session: Class initialized using 'CodeIgniter\Session\Handlers\FileHandler' driver.
DEBUG - 2026-06-22 00:26:20 --> Session: Class initialized using 'CodeIgniter\Session\Handlers\FileHandler' driver.
DEBUG - 2026-06-22 00:26:20 --> Session: Class initialized using 'CodeIgniter\Session\Handlers\FileHandler' driver.
CRITICAL - 2026-06-22 00:26:20 --> Error: Class "PublicController" not found
[Method: GET, Route: admin/dashboard]
in SYSTEMPATH/CodeIgniter.php on line 944.
 1 SYSTEMPATH/CodeIgniter.php(1006): CodeIgniter\CodeIgniter->createController()
 2 SYSTEMPATH/CodeIgniter.php(369): CodeIgniter\CodeIgniter->display404errors(Object(CodeIgniter\Exceptions\PageNotFoundException))
 3 SYSTEMPATH/Boot.php(417): CodeIgniter\CodeIgniter->run()
 4 SYSTEMPATH/Boot.php(68): CodeIgniter\Boot::runCodeIgniter(Object(CodeIgniter\CodeIgniter))
 5 FCPATH/index.php(64): CodeIgniter\Boot::bootWeb(Object(Config\Paths))
 6 SYSTEMPATH/rewrite.php(44): require_once('/Users/fred/projects/mdgoatco/public/index.php')
DEBUG - 2026-06-22 00:29:07 --> Session: Class initialized using 'CodeIgniter\Session\Handlers\FileHandler' driver.
DEBUG - 2026-06-22 00:29:09 --> Session: Class initialized using 'CodeIgniter\Session\Handlers\FileHandler' driver.
