CRITICAL - 2026-06-20 22:58:18 --> ErrorException: Type of App\Controllers\BaseController::$helpers must not be defined (as in class CodeIgniter\Controller)
[Method: GET, Route: /]
in APPPATH/Controllers/BaseController.php on line 14.
 1 [internal function]: CodeIgniter\Debug\Exceptions->shutdownHandler()
CRITICAL - 2026-06-20 23:27:05 --> ErrorException: Type of App\Controllers\BaseController::$request must not be defined (as in class CodeIgniter\Controller)
[Method: GET, Route: /]
in APPPATH/Controllers/BaseController.php on line 14.
 1 [internal function]: CodeIgniter\Debug\Exceptions->shutdownHandler()
CRITICAL - 2026-06-20 23:28:12 --> Error: Class "PublicController" not found
[Method: GET, Route: img/logo.png]
in SYSTEMPATH/CodeIgniter.php on line 944.
 1 SYSTEMPATH/CodeIgniter.php(1006): CodeIgniter\CodeIgniter->createController()
 2 SYSTEMPATH/CodeIgniter.php(369): CodeIgniter\CodeIgniter->display404errors(Object(CodeIgniter\Exceptions\PageNotFoundException))
 3 SYSTEMPATH/Boot.php(417): CodeIgniter\CodeIgniter->run()
 4 SYSTEMPATH/Boot.php(68): CodeIgniter\Boot::runCodeIgniter(Object(CodeIgniter\CodeIgniter))
 5 FCPATH/index.php(64): CodeIgniter\Boot::bootWeb(Object(Config\Paths))
 6 SYSTEMPATH/rewrite.php(44): require_once('/Users/fred/projects/m/public/index.php')
CRITICAL - 2026-06-20 23:28:12 --> ErrorException: Uncaught ErrorException: Undefined property: Config\Format::$jsonEncodeDepth in /Users/fred/projects/m/vendor/codeigniter4/framework/system/Format/JSONFormatter.php:44
Stack trace:
#0 /Users/fred/projects/m/vendor/codeigniter4/framework/system/Format/JSONFormatter.php(44): CodeIgniter\Debug\Exceptions->errorHandler(2, 'Undefined prope...', '/Users/fred/pro...', 44)
#1 /Users/fred/projects/m/vendor/codeigniter4/framework/system/API/ResponseTrait.php(352): CodeIgniter\Format\JSONFormatter->format('')
#2 /Users/fred/projects/m/vendor/codeigniter4/framework/system/API/ResponseTrait.php(111): CodeIgniter\Debug\ExceptionHandler->format('')
#3 /Users/fred/projects/m/vendor/codeigniter4/framework/system/Debug/ExceptionHandler.php(95): CodeIgniter\Debug\ExceptionHandler->respond('', 500)
#4 /Users/fred/projects/m/vendor/codeigniter4/framework/system/Debug/Exceptions.php(151): CodeIgniter\Debug\ExceptionHandler->handle(Object(Error), Object(CodeIgniter\HTTP\IncomingRequest), Object(CodeIgniter\HTTP\Response), 500, 1)
#5 [internal function]: CodeIgniter\Debug\Exceptions->exceptionHandler(Object(Error))
#6 {main}
  thrown
【Previous Exception】
Error
Class "PublicController" not found
#0 /Users/fred/projects/m/vendor/codeigniter4/framework/system/CodeIgniter.php(1006): CodeIgniter\CodeIgniter->createController()
#1 /Users/fred/projects/m/vendor/codeigniter4/framework/system/CodeIgniter.php(369): CodeIgniter\CodeIgniter->display404errors(Object(CodeIgniter\Exceptions\PageNotFoundException))
#2 /Users/fred/projects/m/vendor/codeigniter4/framework/system/Boot.php(417): CodeIgniter\CodeIgniter->run()
#3 /Users/fred/projects/m/vendor/codeigniter4/framework/system/Boot.php(68): CodeIgniter\Boot::runCodeIgniter(Object(CodeIgniter\CodeIgniter))
#4 /Users/fred/projects/m/public/index.php(64): CodeIgniter\Boot::bootWeb(Object(Config\Paths))
#5 /Users/fred/projects/m/vendor/codeigniter4/framework/system/rewrite.php(44): require_once('/Users/fred/pro...')
#6 {main}
[Method: GET, Route: img/logo.png]
in SYSTEMPATH/Format/JSONFormatter.php on line 44.
 1 [internal function]: CodeIgniter\Debug\Exceptions->shutdownHandler()
CRITICAL - 2026-06-20 23:28:46 --> Error: Class "PublicController" not found
[Method: GET, Route: img/logo.png]
in SYSTEMPATH/CodeIgniter.php on line 944.
 1 SYSTEMPATH/CodeIgniter.php(1006): CodeIgniter\CodeIgniter->createController()
 2 SYSTEMPATH/CodeIgniter.php(369): CodeIgniter\CodeIgniter->display404errors(Object(CodeIgniter\Exceptions\PageNotFoundException))
 3 SYSTEMPATH/Boot.php(417): CodeIgniter\CodeIgniter->run()
 4 SYSTEMPATH/Boot.php(68): CodeIgniter\Boot::runCodeIgniter(Object(CodeIgniter\CodeIgniter))
 5 FCPATH/index.php(64): CodeIgniter\Boot::bootWeb(Object(Config\Paths))
 6 SYSTEMPATH/rewrite.php(44): require_once('/Users/fred/projects/m/public/index.php')
CRITICAL - 2026-06-20 23:28:46 --> ErrorException: Uncaught ErrorException: Undefined property: Config\Format::$jsonEncodeDepth in /Users/fred/projects/m/vendor/codeigniter4/framework/system/Format/JSONFormatter.php:44
Stack trace:
#0 /Users/fred/projects/m/vendor/codeigniter4/framework/system/Format/JSONFormatter.php(44): CodeIgniter\Debug\Exceptions->errorHandler(2, 'Undefined prope...', '/Users/fred/pro...', 44)
#1 /Users/fred/projects/m/vendor/codeigniter4/framework/system/API/ResponseTrait.php(352): CodeIgniter\Format\JSONFormatter->format('')
#2 /Users/fred/projects/m/vendor/codeigniter4/framework/system/API/ResponseTrait.php(111): CodeIgniter\Debug\ExceptionHandler->format('')
#3 /Users/fred/projects/m/vendor/codeigniter4/framework/system/Debug/ExceptionHandler.php(95): CodeIgniter\Debug\ExceptionHandler->respond('', 500)
#4 /Users/fred/projects/m/vendor/codeigniter4/framework/system/Debug/Exceptions.php(151): CodeIgniter\Debug\ExceptionHandler->handle(Object(Error), Object(CodeIgniter\HTTP\IncomingRequest), Object(CodeIgniter\HTTP\Response), 500, 1)
#5 [internal function]: CodeIgniter\Debug\Exceptions->exceptionHandler(Object(Error))
#6 {main}
  thrown
【Previous Exception】
Error
Class "PublicController" not found
#0 /Users/fred/projects/m/vendor/codeigniter4/framework/system/CodeIgniter.php(1006): CodeIgniter\CodeIgniter->createController()
#1 /Users/fred/projects/m/vendor/codeigniter4/framework/system/CodeIgniter.php(369): CodeIgniter\CodeIgniter->display404errors(Object(CodeIgniter\Exceptions\PageNotFoundException))
#2 /Users/fred/projects/m/vendor/codeigniter4/framework/system/Boot.php(417): CodeIgniter\CodeIgniter->run()
#3 /Users/fred/projects/m/vendor/codeigniter4/framework/system/Boot.php(68): CodeIgniter\Boot::runCodeIgniter(Object(CodeIgniter\CodeIgniter))
#4 /Users/fred/projects/m/public/index.php(64): CodeIgniter\Boot::bootWeb(Object(Config\Paths))
#5 /Users/fred/projects/m/vendor/codeigniter4/framework/system/rewrite.php(44): require_once('/Users/fred/pro...')
#6 {main}
[Method: GET, Route: img/logo.png]
in SYSTEMPATH/Format/JSONFormatter.php on line 44.
 1 [internal function]: CodeIgniter\Debug\Exceptions->shutdownHandler()
CRITICAL - 2026-06-20 23:29:00 --> Error: Class "PublicController" not found
[Method: GET, Route: img/logo.png]
in SYSTEMPATH/CodeIgniter.php on line 944.
 1 SYSTEMPATH/CodeIgniter.php(1006): CodeIgniter\CodeIgniter->createController()
 2 SYSTEMPATH/CodeIgniter.php(369): CodeIgniter\CodeIgniter->display404errors(Object(CodeIgniter\Exceptions\PageNotFoundException))
 3 SYSTEMPATH/Boot.php(417): CodeIgniter\CodeIgniter->run()
 4 SYSTEMPATH/Boot.php(68): CodeIgniter\Boot::runCodeIgniter(Object(CodeIgniter\CodeIgniter))
 5 FCPATH/index.php(64): CodeIgniter\Boot::bootWeb(Object(Config\Paths))
 6 SYSTEMPATH/rewrite.php(44): require_once('/Users/fred/projects/m/public/index.php')
CRITICAL - 2026-06-20 23:29:00 --> ErrorException: Uncaught ErrorException: Undefined property: Config\Format::$jsonEncodeDepth in /Users/fred/projects/m/vendor/codeigniter4/framework/system/Format/JSONFormatter.php:44
Stack trace:
#0 /Users/fred/projects/m/vendor/codeigniter4/framework/system/Format/JSONFormatter.php(44): CodeIgniter\Debug\Exceptions->errorHandler(2, 'Undefined prope...', '/Users/fred/pro...', 44)
#1 /Users/fred/projects/m/vendor/codeigniter4/framework/system/API/ResponseTrait.php(352): CodeIgniter\Format\JSONFormatter->format('')
#2 /Users/fred/projects/m/vendor/codeigniter4/framework/system/API/ResponseTrait.php(111): CodeIgniter\Debug\ExceptionHandler->format('')
#3 /Users/fred/projects/m/vendor/codeigniter4/framework/system/Debug/ExceptionHandler.php(95): CodeIgniter\Debug\ExceptionHandler->respond('', 500)
#4 /Users/fred/projects/m/vendor/codeigniter4/framework/system/Debug/Exceptions.php(151): CodeIgniter\Debug\ExceptionHandler->handle(Object(Error), Object(CodeIgniter\HTTP\IncomingRequest), Object(CodeIgniter\HTTP\Response), 500, 1)
#5 [internal function]: CodeIgniter\Debug\Exceptions->exceptionHandler(Object(Error))
#6 {main}
  thrown
【Previous Exception】
Error
Class "PublicController" not found
#0 /Users/fred/projects/m/vendor/codeigniter4/framework/system/CodeIgniter.php(1006): CodeIgniter\CodeIgniter->createController()
#1 /Users/fred/projects/m/vendor/codeigniter4/framework/system/CodeIgniter.php(369): CodeIgniter\CodeIgniter->display404errors(Object(CodeIgniter\Exceptions\PageNotFoundException))
#2 /Users/fred/projects/m/vendor/codeigniter4/framework/system/Boot.php(417): CodeIgniter\CodeIgniter->run()
#3 /Users/fred/projects/m/vendor/codeigniter4/framework/system/Boot.php(68): CodeIgniter\Boot::runCodeIgniter(Object(CodeIgniter\CodeIgniter))
#4 /Users/fred/projects/m/public/index.php(64): CodeIgniter\Boot::bootWeb(Object(Config\Paths))
#5 /Users/fred/projects/m/vendor/codeigniter4/framework/system/rewrite.php(44): require_once('/Users/fred/pro...')
#6 {main}
[Method: GET, Route: img/logo.png]
in SYSTEMPATH/Format/JSONFormatter.php on line 44.
 1 [internal function]: CodeIgniter\Debug\Exceptions->shutdownHandler()
CRITICAL - 2026-06-20 23:33:33 --> Error: Class "PublicController" not found
[Method: GET, Route: img/logo.png]
in SYSTEMPATH/CodeIgniter.php on line 944.
 1 SYSTEMPATH/CodeIgniter.php(1006): CodeIgniter\CodeIgniter->createController()
 2 SYSTEMPATH/CodeIgniter.php(369): CodeIgniter\CodeIgniter->display404errors(Object(CodeIgniter\Exceptions\PageNotFoundException))
 3 SYSTEMPATH/Boot.php(417): CodeIgniter\CodeIgniter->run()
 4 SYSTEMPATH/Boot.php(68): CodeIgniter\Boot::runCodeIgniter(Object(CodeIgniter\CodeIgniter))
 5 FCPATH/index.php(64): CodeIgniter\Boot::bootWeb(Object(Config\Paths))
 6 SYSTEMPATH/rewrite.php(44): require_once('/Users/fred/projects/m/public/index.php')
CRITICAL - 2026-06-20 23:33:33 --> ErrorException: Uncaught ErrorException: Undefined property: Config\Format::$jsonEncodeDepth in /Users/fred/projects/m/vendor/codeigniter4/framework/system/Format/JSONFormatter.php:44
Stack trace:
#0 /Users/fred/projects/m/vendor/codeigniter4/framework/system/Format/JSONFormatter.php(44): CodeIgniter\Debug\Exceptions->errorHandler(2, 'Undefined prope...', '/Users/fred/pro...', 44)
#1 /Users/fred/projects/m/vendor/codeigniter4/framework/system/API/ResponseTrait.php(352): CodeIgniter\Format\JSONFormatter->format('')
#2 /Users/fred/projects/m/vendor/codeigniter4/framework/system/API/ResponseTrait.php(111): CodeIgniter\Debug\ExceptionHandler->format('')
#3 /Users/fred/projects/m/vendor/codeigniter4/framework/system/Debug/ExceptionHandler.php(95): CodeIgniter\Debug\ExceptionHandler->respond('', 500)
#4 /Users/fred/projects/m/vendor/codeigniter4/framework/system/Debug/Exceptions.php(151): CodeIgniter\Debug\ExceptionHandler->handle(Object(Error), Object(CodeIgniter\HTTP\IncomingRequest), Object(CodeIgniter\HTTP\Response), 500, 1)
#5 [internal function]: CodeIgniter\Debug\Exceptions->exceptionHandler(Object(Error))
#6 {main}
  thrown
【Previous Exception】
Error
Class "PublicController" not found
#0 /Users/fred/projects/m/vendor/codeigniter4/framework/system/CodeIgniter.php(1006): CodeIgniter\CodeIgniter->createController()
#1 /Users/fred/projects/m/vendor/codeigniter4/framework/system/CodeIgniter.php(369): CodeIgniter\CodeIgniter->display404errors(Object(CodeIgniter\Exceptions\PageNotFoundException))
#2 /Users/fred/projects/m/vendor/codeigniter4/framework/system/Boot.php(417): CodeIgniter\CodeIgniter->run()
#3 /Users/fred/projects/m/vendor/codeigniter4/framework/system/Boot.php(68): CodeIgniter\Boot::runCodeIgniter(Object(CodeIgniter\CodeIgniter))
#4 /Users/fred/projects/m/public/index.php(64): CodeIgniter\Boot::bootWeb(Object(Config\Paths))
#5 /Users/fred/projects/m/vendor/codeigniter4/framework/system/rewrite.php(44): require_once('/Users/fred/pro...')
#6 {main}
[Method: GET, Route: img/logo.png]
in SYSTEMPATH/Format/JSONFormatter.php on line 44.
 1 [internal function]: CodeIgniter\Debug\Exceptions->shutdownHandler()
CRITICAL - 2026-06-20 23:34:32 --> Error: Class "PublicController" not found
[Method: GET, Route: .well-known/appspecific/com.chrome.devtools.json]
in SYSTEMPATH/CodeIgniter.php on line 944.
 1 SYSTEMPATH/CodeIgniter.php(1006): CodeIgniter\CodeIgniter->createController()
 2 SYSTEMPATH/CodeIgniter.php(369): CodeIgniter\CodeIgniter->display404errors(Object(CodeIgniter\Exceptions\PageNotFoundException))
 3 SYSTEMPATH/Boot.php(417): CodeIgniter\CodeIgniter->run()
 4 SYSTEMPATH/Boot.php(68): CodeIgniter\Boot::runCodeIgniter(Object(CodeIgniter\CodeIgniter))
 5 FCPATH/index.php(64): CodeIgniter\Boot::bootWeb(Object(Config\Paths))
 6 SYSTEMPATH/rewrite.php(44): require_once('/Users/fred/projects/m/public/index.php')
CRITICAL - 2026-06-20 23:34:32 --> ErrorException: Uncaught ErrorException: Undefined property: Config\Format::$jsonEncodeDepth in /Users/fred/projects/m/vendor/codeigniter4/framework/system/Format/JSONFormatter.php:44
Stack trace:
#0 /Users/fred/projects/m/vendor/codeigniter4/framework/system/Format/JSONFormatter.php(44): CodeIgniter\Debug\Exceptions->errorHandler(2, 'Undefined prope...', '/Users/fred/pro...', 44)
#1 /Users/fred/projects/m/vendor/codeigniter4/framework/system/API/ResponseTrait.php(352): CodeIgniter\Format\JSONFormatter->format('')
#2 /Users/fred/projects/m/vendor/codeigniter4/framework/system/API/ResponseTrait.php(111): CodeIgniter\Debug\ExceptionHandler->format('')
#3 /Users/fred/projects/m/vendor/codeigniter4/framework/system/Debug/ExceptionHandler.php(95): CodeIgniter\Debug\ExceptionHandler->respond('', 500)
#4 /Users/fred/projects/m/vendor/codeigniter4/framework/system/Debug/Exceptions.php(151): CodeIgniter\Debug\ExceptionHandler->handle(Object(Error), Object(CodeIgniter\HTTP\IncomingRequest), Object(CodeIgniter\HTTP\Response), 500, 1)
#5 [internal function]: CodeIgniter\Debug\Exceptions->exceptionHandler(Object(Error))
#6 {main}
  thrown
【Previous Exception】
Error
Class "PublicController" not found
#0 /Users/fred/projects/m/vendor/codeigniter4/framework/system/CodeIgniter.php(1006): CodeIgniter\CodeIgniter->createController()
#1 /Users/fred/projects/m/vendor/codeigniter4/framework/system/CodeIgniter.php(369): CodeIgniter\CodeIgniter->display404errors(Object(CodeIgniter\Exceptions\PageNotFoundException))
#2 /Users/fred/projects/m/vendor/codeigniter4/framework/system/Boot.php(417): CodeIgniter\CodeIgniter->run()
#3 /Users/fred/projects/m/vendor/codeigniter4/framework/system/Boot.php(68): CodeIgniter\Boot::runCodeIgniter(Object(CodeIgniter\CodeIgniter))
#4 /Users/fred/projects/m/public/index.php(64): CodeIgniter\Boot::bootWeb(Object(Config\Paths))
#5 /Users/fred/projects/m/vendor/codeigniter4/framework/system/rewrite.php(44): require_once('/Users/fred/pro...')
#6 {main}
[Method: GET, Route: .well-known/appspecific/com.chrome.devtools.json]
in SYSTEMPATH/Format/JSONFormatter.php on line 44.
 1 [internal function]: CodeIgniter\Debug\Exceptions->shutdownHandler()
CRITICAL - 2026-06-20 23:35:38 --> Error: Class "PublicController" not found
[Method: GET, Route: img/logo.png]
in SYSTEMPATH/CodeIgniter.php on line 944.
 1 SYSTEMPATH/CodeIgniter.php(1006): CodeIgniter\CodeIgniter->createController()
 2 SYSTEMPATH/CodeIgniter.php(369): CodeIgniter\CodeIgniter->display404errors(Object(CodeIgniter\Exceptions\PageNotFoundException))
 3 SYSTEMPATH/Boot.php(417): CodeIgniter\CodeIgniter->run()
 4 SYSTEMPATH/Boot.php(68): CodeIgniter\Boot::runCodeIgniter(Object(CodeIgniter\CodeIgniter))
 5 FCPATH/index.php(64): CodeIgniter\Boot::bootWeb(Object(Config\Paths))
 6 SYSTEMPATH/rewrite.php(44): require_once('/Users/fred/projects/m/public/index.php')
CRITICAL - 2026-06-20 23:35:38 --> ErrorException: Uncaught ErrorException: Undefined property: Config\Format::$jsonEncodeDepth in /Users/fred/projects/m/vendor/codeigniter4/framework/system/Format/JSONFormatter.php:44
Stack trace:
#0 /Users/fred/projects/m/vendor/codeigniter4/framework/system/Format/JSONFormatter.php(44): CodeIgniter\Debug\Exceptions->errorHandler(2, 'Undefined prope...', '/Users/fred/pro...', 44)
#1 /Users/fred/projects/m/vendor/codeigniter4/framework/system/API/ResponseTrait.php(352): CodeIgniter\Format\JSONFormatter->format('')
#2 /Users/fred/projects/m/vendor/codeigniter4/framework/system/API/ResponseTrait.php(111): CodeIgniter\Debug\ExceptionHandler->format('')
#3 /Users/fred/projects/m/vendor/codeigniter4/framework/system/Debug/ExceptionHandler.php(95): CodeIgniter\Debug\ExceptionHandler->respond('', 500)
#4 /Users/fred/projects/m/vendor/codeigniter4/framework/system/Debug/Exceptions.php(151): CodeIgniter\Debug\ExceptionHandler->handle(Object(Error), Object(CodeIgniter\HTTP\IncomingRequest), Object(CodeIgniter\HTTP\Response), 500, 1)
#5 [internal function]: CodeIgniter\Debug\Exceptions->exceptionHandler(Object(Error))
#6 {main}
  thrown
【Previous Exception】
Error
Class "PublicController" not found
#0 /Users/fred/projects/m/vendor/codeigniter4/framework/system/CodeIgniter.php(1006): CodeIgniter\CodeIgniter->createController()
#1 /Users/fred/projects/m/vendor/codeigniter4/framework/system/CodeIgniter.php(369): CodeIgniter\CodeIgniter->display404errors(Object(CodeIgniter\Exceptions\PageNotFoundException))
#2 /Users/fred/projects/m/vendor/codeigniter4/framework/system/Boot.php(417): CodeIgniter\CodeIgniter->run()
#3 /Users/fred/projects/m/vendor/codeigniter4/framework/system/Boot.php(68): CodeIgniter\Boot::runCodeIgniter(Object(CodeIgniter\CodeIgniter))
#4 /Users/fred/projects/m/public/index.php(64): CodeIgniter\Boot::bootWeb(Object(Config\Paths))
#5 /Users/fred/projects/m/vendor/codeigniter4/framework/system/rewrite.php(44): require_once('/Users/fred/pro...')
#6 {main}
[Method: GET, Route: img/logo.png]
in SYSTEMPATH/Format/JSONFormatter.php on line 44.
 1 [internal function]: CodeIgniter\Debug\Exceptions->shutdownHandler()
CRITICAL - 2026-06-20 23:35:38 --> Error: Class "PublicController" not found
[Method: GET, Route: img/logo.png]
in SYSTEMPATH/CodeIgniter.php on line 944.
 1 SYSTEMPATH/CodeIgniter.php(1006): CodeIgniter\CodeIgniter->createController()
 2 SYSTEMPATH/CodeIgniter.php(369): CodeIgniter\CodeIgniter->display404errors(Object(CodeIgniter\Exceptions\PageNotFoundException))
 3 SYSTEMPATH/Boot.php(417): CodeIgniter\CodeIgniter->run()
 4 SYSTEMPATH/Boot.php(68): CodeIgniter\Boot::runCodeIgniter(Object(CodeIgniter\CodeIgniter))
 5 FCPATH/index.php(64): CodeIgniter\Boot::bootWeb(Object(Config\Paths))
 6 SYSTEMPATH/rewrite.php(44): require_once('/Users/fred/projects/m/public/index.php')
CRITICAL - 2026-06-20 23:35:38 --> ErrorException: Uncaught ErrorException: Undefined property: Config\Format::$jsonEncodeDepth in /Users/fred/projects/m/vendor/codeigniter4/framework/system/Format/JSONFormatter.php:44
Stack trace:
#0 /Users/fred/projects/m/vendor/codeigniter4/framework/system/Format/JSONFormatter.php(44): CodeIgniter\Debug\Exceptions->errorHandler(2, 'Undefined prope...', '/Users/fred/pro...', 44)
#1 /Users/fred/projects/m/vendor/codeigniter4/framework/system/API/ResponseTrait.php(352): CodeIgniter\Format\JSONFormatter->format('')
#2 /Users/fred/projects/m/vendor/codeigniter4/framework/system/API/ResponseTrait.php(111): CodeIgniter\Debug\ExceptionHandler->format('')
#3 /Users/fred/projects/m/vendor/codeigniter4/framework/system/Debug/ExceptionHandler.php(95): CodeIgniter\Debug\ExceptionHandler->respond('', 500)
#4 /Users/fred/projects/m/vendor/codeigniter4/framework/system/Debug/Exceptions.php(151): CodeIgniter\Debug\ExceptionHandler->handle(Object(Error), Object(CodeIgniter\HTTP\IncomingRequest), Object(CodeIgniter\HTTP\Response), 500, 1)
#5 [internal function]: CodeIgniter\Debug\Exceptions->exceptionHandler(Object(Error))
#6 {main}
  thrown
【Previous Exception】
Error
Class "PublicController" not found
#0 /Users/fred/projects/m/vendor/codeigniter4/framework/system/CodeIgniter.php(1006): CodeIgniter\CodeIgniter->createController()
#1 /Users/fred/projects/m/vendor/codeigniter4/framework/system/CodeIgniter.php(369): CodeIgniter\CodeIgniter->display404errors(Object(CodeIgniter\Exceptions\PageNotFoundException))
#2 /Users/fred/projects/m/vendor/codeigniter4/framework/system/Boot.php(417): CodeIgniter\CodeIgniter->run()
#3 /Users/fred/projects/m/vendor/codeigniter4/framework/system/Boot.php(68): CodeIgniter\Boot::runCodeIgniter(Object(CodeIgniter\CodeIgniter))
#4 /Users/fred/projects/m/public/index.php(64): CodeIgniter\Boot::bootWeb(Object(Config\Paths))
#5 /Users/fred/projects/m/vendor/codeigniter4/framework/system/rewrite.php(44): require_once('/Users/fred/pro...')
#6 {main}
[Method: GET, Route: img/logo.png]
in SYSTEMPATH/Format/JSONFormatter.php on line 44.
 1 [internal function]: CodeIgniter\Debug\Exceptions->shutdownHandler()
CRITICAL - 2026-06-20 23:35:48 --> Error: Class "PublicController" not found
[Method: GET, Route: img/logo.png]
in SYSTEMPATH/CodeIgniter.php on line 944.
 1 SYSTEMPATH/CodeIgniter.php(1006): CodeIgniter\CodeIgniter->createController()
 2 SYSTEMPATH/CodeIgniter.php(369): CodeIgniter\CodeIgniter->display404errors(Object(CodeIgniter\Exceptions\PageNotFoundException))
 3 SYSTEMPATH/Boot.php(417): CodeIgniter\CodeIgniter->run()
 4 SYSTEMPATH/Boot.php(68): CodeIgniter\Boot::runCodeIgniter(Object(CodeIgniter\CodeIgniter))
 5 FCPATH/index.php(64): CodeIgniter\Boot::bootWeb(Object(Config\Paths))
 6 SYSTEMPATH/rewrite.php(44): require_once('/Users/fred/projects/m/public/index.php')
CRITICAL - 2026-06-20 23:35:48 --> ErrorException: Uncaught ErrorException: Undefined property: Config\Format::$jsonEncodeDepth in /Users/fred/projects/m/vendor/codeigniter4/framework/system/Format/JSONFormatter.php:44
Stack trace:
#0 /Users/fred/projects/m/vendor/codeigniter4/framework/system/Format/JSONFormatter.php(44): CodeIgniter\Debug\Exceptions->errorHandler(2, 'Undefined prope...', '/Users/fred/pro...', 44)
#1 /Users/fred/projects/m/vendor/codeigniter4/framework/system/API/ResponseTrait.php(352): CodeIgniter\Format\JSONFormatter->format('')
#2 /Users/fred/projects/m/vendor/codeigniter4/framework/system/API/ResponseTrait.php(111): CodeIgniter\Debug\ExceptionHandler->format('')
#3 /Users/fred/projects/m/vendor/codeigniter4/framework/system/Debug/ExceptionHandler.php(95): CodeIgniter\Debug\ExceptionHandler->respond('', 500)
#4 /Users/fred/projects/m/vendor/codeigniter4/framework/system/Debug/Exceptions.php(151): CodeIgniter\Debug\ExceptionHandler->handle(Object(Error), Object(CodeIgniter\HTTP\IncomingRequest), Object(CodeIgniter\HTTP\Response), 500, 1)
#5 [internal function]: CodeIgniter\Debug\Exceptions->exceptionHandler(Object(Error))
#6 {main}
  thrown
【Previous Exception】
Error
Class "PublicController" not found
#0 /Users/fred/projects/m/vendor/codeigniter4/framework/system/CodeIgniter.php(1006): CodeIgniter\CodeIgniter->createController()
#1 /Users/fred/projects/m/vendor/codeigniter4/framework/system/CodeIgniter.php(369): CodeIgniter\CodeIgniter->display404errors(Object(CodeIgniter\Exceptions\PageNotFoundException))
#2 /Users/fred/projects/m/vendor/codeigniter4/framework/system/Boot.php(417): CodeIgniter\CodeIgniter->run()
#3 /Users/fred/projects/m/vendor/codeigniter4/framework/system/Boot.php(68): CodeIgniter\Boot::runCodeIgniter(Object(CodeIgniter\CodeIgniter))
#4 /Users/fred/projects/m/public/index.php(64): CodeIgniter\Boot::bootWeb(Object(Config\Paths))
#5 /Users/fred/projects/m/vendor/codeigniter4/framework/system/rewrite.php(44): require_once('/Users/fred/pro...')
#6 {main}
[Method: GET, Route: img/logo.png]
in SYSTEMPATH/Format/JSONFormatter.php on line 44.
 1 [internal function]: CodeIgniter\Debug\Exceptions->shutdownHandler()
CRITICAL - 2026-06-20 23:36:09 --> Error: Class "PublicController" not found
[Method: GET, Route: img/logo.png]
in SYSTEMPATH/CodeIgniter.php on line 944.
 1 SYSTEMPATH/CodeIgniter.php(1006): CodeIgniter\CodeIgniter->createController()
 2 SYSTEMPATH/CodeIgniter.php(369): CodeIgniter\CodeIgniter->display404errors(Object(CodeIgniter\Exceptions\PageNotFoundException))
 3 SYSTEMPATH/Boot.php(417): CodeIgniter\CodeIgniter->run()
 4 SYSTEMPATH/Boot.php(68): CodeIgniter\Boot::runCodeIgniter(Object(CodeIgniter\CodeIgniter))
 5 FCPATH/index.php(64): CodeIgniter\Boot::bootWeb(Object(Config\Paths))
 6 SYSTEMPATH/rewrite.php(44): require_once('/Users/fred/projects/m/public/index.php')
CRITICAL - 2026-06-20 23:36:09 --> ErrorException: Uncaught ErrorException: Undefined property: Config\Format::$jsonEncodeDepth in /Users/fred/projects/m/vendor/codeigniter4/framework/system/Format/JSONFormatter.php:44
Stack trace:
#0 /Users/fred/projects/m/vendor/codeigniter4/framework/system/Format/JSONFormatter.php(44): CodeIgniter\Debug\Exceptions->errorHandler(2, 'Undefined prope...', '/Users/fred/pro...', 44)
#1 /Users/fred/projects/m/vendor/codeigniter4/framework/system/API/ResponseTrait.php(352): CodeIgniter\Format\JSONFormatter->format('')
#2 /Users/fred/projects/m/vendor/codeigniter4/framework/system/API/ResponseTrait.php(111): CodeIgniter\Debug\ExceptionHandler->format('')
#3 /Users/fred/projects/m/vendor/codeigniter4/framework/system/Debug/ExceptionHandler.php(95): CodeIgniter\Debug\ExceptionHandler->respond('', 500)
#4 /Users/fred/projects/m/vendor/codeigniter4/framework/system/Debug/Exceptions.php(151): CodeIgniter\Debug\ExceptionHandler->handle(Object(Error), Object(CodeIgniter\HTTP\IncomingRequest), Object(CodeIgniter\HTTP\Response), 500, 1)
#5 [internal function]: CodeIgniter\Debug\Exceptions->exceptionHandler(Object(Error))
#6 {main}
  thrown
【Previous Exception】
Error
Class "PublicController" not found
#0 /Users/fred/projects/m/vendor/codeigniter4/framework/system/CodeIgniter.php(1006): CodeIgniter\CodeIgniter->createController()
#1 /Users/fred/projects/m/vendor/codeigniter4/framework/system/CodeIgniter.php(369): CodeIgniter\CodeIgniter->display404errors(Object(CodeIgniter\Exceptions\PageNotFoundException))
#2 /Users/fred/projects/m/vendor/codeigniter4/framework/system/Boot.php(417): CodeIgniter\CodeIgniter->run()
#3 /Users/fred/projects/m/vendor/codeigniter4/framework/system/Boot.php(68): CodeIgniter\Boot::runCodeIgniter(Object(CodeIgniter\CodeIgniter))
#4 /Users/fred/projects/m/public/index.php(64): CodeIgniter\Boot::bootWeb(Object(Config\Paths))
#5 /Users/fred/projects/m/vendor/codeigniter4/framework/system/rewrite.php(44): require_once('/Users/fred/pro...')
#6 {main}
[Method: GET, Route: img/logo.png]
in SYSTEMPATH/Format/JSONFormatter.php on line 44.
 1 [internal function]: CodeIgniter\Debug\Exceptions->shutdownHandler()
CRITICAL - 2026-06-20 23:37:50 --> Error: Class "PublicController" not found
[Method: GET, Route: img/logo.png]
in SYSTEMPATH/CodeIgniter.php on line 944.
 1 SYSTEMPATH/CodeIgniter.php(1006): CodeIgniter\CodeIgniter->createController()
 2 SYSTEMPATH/CodeIgniter.php(369): CodeIgniter\CodeIgniter->display404errors(Object(CodeIgniter\Exceptions\PageNotFoundException))
 3 SYSTEMPATH/Boot.php(417): CodeIgniter\CodeIgniter->run()
 4 SYSTEMPATH/Boot.php(68): CodeIgniter\Boot::runCodeIgniter(Object(CodeIgniter\CodeIgniter))
 5 FCPATH/index.php(64): CodeIgniter\Boot::bootWeb(Object(Config\Paths))
 6 SYSTEMPATH/rewrite.php(44): require_once('/Users/fred/projects/m/public/index.php')
CRITICAL - 2026-06-20 23:37:50 --> ErrorException: Uncaught ErrorException: Undefined property: Config\Format::$jsonEncodeDepth in /Users/fred/projects/m/vendor/codeigniter4/framework/system/Format/JSONFormatter.php:44
Stack trace:
#0 /Users/fred/projects/m/vendor/codeigniter4/framework/system/Format/JSONFormatter.php(44): CodeIgniter\Debug\Exceptions->errorHandler(2, 'Undefined prope...', '/Users/fred/pro...', 44)
#1 /Users/fred/projects/m/vendor/codeigniter4/framework/system/API/ResponseTrait.php(352): CodeIgniter\Format\JSONFormatter->format('')
#2 /Users/fred/projects/m/vendor/codeigniter4/framework/system/API/ResponseTrait.php(111): CodeIgniter\Debug\ExceptionHandler->format('')
#3 /Users/fred/projects/m/vendor/codeigniter4/framework/system/Debug/ExceptionHandler.php(95): CodeIgniter\Debug\ExceptionHandler->respond('', 500)
#4 /Users/fred/projects/m/vendor/codeigniter4/framework/system/Debug/Exceptions.php(151): CodeIgniter\Debug\ExceptionHandler->handle(Object(Error), Object(CodeIgniter\HTTP\IncomingRequest), Object(CodeIgniter\HTTP\Response), 500, 1)
#5 [internal function]: CodeIgniter\Debug\Exceptions->exceptionHandler(Object(Error))
#6 {main}
  thrown
【Previous Exception】
Error
Class "PublicController" not found
#0 /Users/fred/projects/m/vendor/codeigniter4/framework/system/CodeIgniter.php(1006): CodeIgniter\CodeIgniter->createController()
#1 /Users/fred/projects/m/vendor/codeigniter4/framework/system/CodeIgniter.php(369): CodeIgniter\CodeIgniter->display404errors(Object(CodeIgniter\Exceptions\PageNotFoundException))
#2 /Users/fred/projects/m/vendor/codeigniter4/framework/system/Boot.php(417): CodeIgniter\CodeIgniter->run()
#3 /Users/fred/projects/m/vendor/codeigniter4/framework/system/Boot.php(68): CodeIgniter\Boot::runCodeIgniter(Object(CodeIgniter\CodeIgniter))
#4 /Users/fred/projects/m/public/index.php(64): CodeIgniter\Boot::bootWeb(Object(Config\Paths))
#5 /Users/fred/projects/m/vendor/codeigniter4/framework/system/rewrite.php(44): require_once('/Users/fred/pro...')
#6 {main}
[Method: GET, Route: img/logo.png]
in SYSTEMPATH/Format/JSONFormatter.php on line 44.
 1 [internal function]: CodeIgniter\Debug\Exceptions->shutdownHandler()
CRITICAL - 2026-06-20 23:37:51 --> Error: Class "PublicController" not found
[Method: GET, Route: img/logo.png]
in SYSTEMPATH/CodeIgniter.php on line 944.
 1 SYSTEMPATH/CodeIgniter.php(1006): CodeIgniter\CodeIgniter->createController()
 2 SYSTEMPATH/CodeIgniter.php(369): CodeIgniter\CodeIgniter->display404errors(Object(CodeIgniter\Exceptions\PageNotFoundException))
 3 SYSTEMPATH/Boot.php(417): CodeIgniter\CodeIgniter->run()
 4 SYSTEMPATH/Boot.php(68): CodeIgniter\Boot::runCodeIgniter(Object(CodeIgniter\CodeIgniter))
 5 FCPATH/index.php(64): CodeIgniter\Boot::bootWeb(Object(Config\Paths))
 6 SYSTEMPATH/rewrite.php(44): require_once('/Users/fred/projects/m/public/index.php')
CRITICAL - 2026-06-20 23:37:51 --> ErrorException: Uncaught ErrorException: Undefined property: Config\Format::$jsonEncodeDepth in /Users/fred/projects/m/vendor/codeigniter4/framework/system/Format/JSONFormatter.php:44
Stack trace:
#0 /Users/fred/projects/m/vendor/codeigniter4/framework/system/Format/JSONFormatter.php(44): CodeIgniter\Debug\Exceptions->errorHandler(2, 'Undefined prope...', '/Users/fred/pro...', 44)
#1 /Users/fred/projects/m/vendor/codeigniter4/framework/system/API/ResponseTrait.php(352): CodeIgniter\Format\JSONFormatter->format('')
#2 /Users/fred/projects/m/vendor/codeigniter4/framework/system/API/ResponseTrait.php(111): CodeIgniter\Debug\ExceptionHandler->format('')
#3 /Users/fred/projects/m/vendor/codeigniter4/framework/system/Debug/ExceptionHandler.php(95): CodeIgniter\Debug\ExceptionHandler->respond('', 500)
#4 /Users/fred/projects/m/vendor/codeigniter4/framework/system/Debug/Exceptions.php(151): CodeIgniter\Debug\ExceptionHandler->handle(Object(Error), Object(CodeIgniter\HTTP\IncomingRequest), Object(CodeIgniter\HTTP\Response), 500, 1)
#5 [internal function]: CodeIgniter\Debug\Exceptions->exceptionHandler(Object(Error))
#6 {main}
  thrown
【Previous Exception】
Error
Class "PublicController" not found
#0 /Users/fred/projects/m/vendor/codeigniter4/framework/system/CodeIgniter.php(1006): CodeIgniter\CodeIgniter->createController()
#1 /Users/fred/projects/m/vendor/codeigniter4/framework/system/CodeIgniter.php(369): CodeIgniter\CodeIgniter->display404errors(Object(CodeIgniter\Exceptions\PageNotFoundException))
#2 /Users/fred/projects/m/vendor/codeigniter4/framework/system/Boot.php(417): CodeIgniter\CodeIgniter->run()
#3 /Users/fred/projects/m/vendor/codeigniter4/framework/system/Boot.php(68): CodeIgniter\Boot::runCodeIgniter(Object(CodeIgniter\CodeIgniter))
#4 /Users/fred/projects/m/public/index.php(64): CodeIgniter\Boot::bootWeb(Object(Config\Paths))
#5 /Users/fred/projects/m/vendor/codeigniter4/framework/system/rewrite.php(44): require_once('/Users/fred/pro...')
#6 {main}
[Method: GET, Route: img/logo.png]
in SYSTEMPATH/Format/JSONFormatter.php on line 44.
 1 [internal function]: CodeIgniter\Debug\Exceptions->shutdownHandler()
CRITICAL - 2026-06-20 23:37:51 --> Error: Class "PublicController" not found
[Method: GET, Route: img/logo.png]
in SYSTEMPATH/CodeIgniter.php on line 944.
 1 SYSTEMPATH/CodeIgniter.php(1006): CodeIgniter\CodeIgniter->createController()
 2 SYSTEMPATH/CodeIgniter.php(369): CodeIgniter\CodeIgniter->display404errors(Object(CodeIgniter\Exceptions\PageNotFoundException))
 3 SYSTEMPATH/Boot.php(417): CodeIgniter\CodeIgniter->run()
 4 SYSTEMPATH/Boot.php(68): CodeIgniter\Boot::runCodeIgniter(Object(CodeIgniter\CodeIgniter))
 5 FCPATH/index.php(64): CodeIgniter\Boot::bootWeb(Object(Config\Paths))
 6 SYSTEMPATH/rewrite.php(44): require_once('/Users/fred/projects/m/public/index.php')
CRITICAL - 2026-06-20 23:37:51 --> ErrorException: Uncaught ErrorException: Undefined property: Config\Format::$jsonEncodeDepth in /Users/fred/projects/m/vendor/codeigniter4/framework/system/Format/JSONFormatter.php:44
Stack trace:
#0 /Users/fred/projects/m/vendor/codeigniter4/framework/system/Format/JSONFormatter.php(44): CodeIgniter\Debug\Exceptions->errorHandler(2, 'Undefined prope...', '/Users/fred/pro...', 44)
#1 /Users/fred/projects/m/vendor/codeigniter4/framework/system/API/ResponseTrait.php(352): CodeIgniter\Format\JSONFormatter->format('')
#2 /Users/fred/projects/m/vendor/codeigniter4/framework/system/API/ResponseTrait.php(111): CodeIgniter\Debug\ExceptionHandler->format('')
#3 /Users/fred/projects/m/vendor/codeigniter4/framework/system/Debug/ExceptionHandler.php(95): CodeIgniter\Debug\ExceptionHandler->respond('', 500)
#4 /Users/fred/projects/m/vendor/codeigniter4/framework/system/Debug/Exceptions.php(151): CodeIgniter\Debug\ExceptionHandler->handle(Object(Error), Object(CodeIgniter\HTTP\IncomingRequest), Object(CodeIgniter\HTTP\Response), 500, 1)
#5 [internal function]: CodeIgniter\Debug\Exceptions->exceptionHandler(Object(Error))
#6 {main}
  thrown
【Previous Exception】
Error
Class "PublicController" not found
#0 /Users/fred/projects/m/vendor/codeigniter4/framework/system/CodeIgniter.php(1006): CodeIgniter\CodeIgniter->createController()
#1 /Users/fred/projects/m/vendor/codeigniter4/framework/system/CodeIgniter.php(369): CodeIgniter\CodeIgniter->display404errors(Object(CodeIgniter\Exceptions\PageNotFoundException))
#2 /Users/fred/projects/m/vendor/codeigniter4/framework/system/Boot.php(417): CodeIgniter\CodeIgniter->run()
#3 /Users/fred/projects/m/vendor/codeigniter4/framework/system/Boot.php(68): CodeIgniter\Boot::runCodeIgniter(Object(CodeIgniter\CodeIgniter))
#4 /Users/fred/projects/m/public/index.php(64): CodeIgniter\Boot::bootWeb(Object(Config\Paths))
#5 /Users/fred/projects/m/vendor/codeigniter4/framework/system/rewrite.php(44): require_once('/Users/fred/pro...')
#6 {main}
[Method: GET, Route: img/logo.png]
in SYSTEMPATH/Format/JSONFormatter.php on line 44.
 1 [internal function]: CodeIgniter\Debug\Exceptions->shutdownHandler()
CRITICAL - 2026-06-20 23:37:52 --> Error: Class "PublicController" not found
[Method: GET, Route: img/logo.png]
in SYSTEMPATH/CodeIgniter.php on line 944.
 1 SYSTEMPATH/CodeIgniter.php(1006): CodeIgniter\CodeIgniter->createController()
 2 SYSTEMPATH/CodeIgniter.php(369): CodeIgniter\CodeIgniter->display404errors(Object(CodeIgniter\Exceptions\PageNotFoundException))
 3 SYSTEMPATH/Boot.php(417): CodeIgniter\CodeIgniter->run()
 4 SYSTEMPATH/Boot.php(68): CodeIgniter\Boot::runCodeIgniter(Object(CodeIgniter\CodeIgniter))
 5 FCPATH/index.php(64): CodeIgniter\Boot::bootWeb(Object(Config\Paths))
 6 SYSTEMPATH/rewrite.php(44): require_once('/Users/fred/projects/m/public/index.php')
CRITICAL - 2026-06-20 23:37:52 --> ErrorException: Uncaught ErrorException: Undefined property: Config\Format::$jsonEncodeDepth in /Users/fred/projects/m/vendor/codeigniter4/framework/system/Format/JSONFormatter.php:44
Stack trace:
#0 /Users/fred/projects/m/vendor/codeigniter4/framework/system/Format/JSONFormatter.php(44): CodeIgniter\Debug\Exceptions->errorHandler(2, 'Undefined prope...', '/Users/fred/pro...', 44)
#1 /Users/fred/projects/m/vendor/codeigniter4/framework/system/API/ResponseTrait.php(352): CodeIgniter\Format\JSONFormatter->format('')
#2 /Users/fred/projects/m/vendor/codeigniter4/framework/system/API/ResponseTrait.php(111): CodeIgniter\Debug\ExceptionHandler->format('')
#3 /Users/fred/projects/m/vendor/codeigniter4/framework/system/Debug/ExceptionHandler.php(95): CodeIgniter\Debug\ExceptionHandler->respond('', 500)
#4 /Users/fred/projects/m/vendor/codeigniter4/framework/system/Debug/Exceptions.php(151): CodeIgniter\Debug\ExceptionHandler->handle(Object(Error), Object(CodeIgniter\HTTP\IncomingRequest), Object(CodeIgniter\HTTP\Response), 500, 1)
#5 [internal function]: CodeIgniter\Debug\Exceptions->exceptionHandler(Object(Error))
#6 {main}
  thrown
【Previous Exception】
Error
Class "PublicController" not found
#0 /Users/fred/projects/m/vendor/codeigniter4/framework/system/CodeIgniter.php(1006): CodeIgniter\CodeIgniter->createController()
#1 /Users/fred/projects/m/vendor/codeigniter4/framework/system/CodeIgniter.php(369): CodeIgniter\CodeIgniter->display404errors(Object(CodeIgniter\Exceptions\PageNotFoundException))
#2 /Users/fred/projects/m/vendor/codeigniter4/framework/system/Boot.php(417): CodeIgniter\CodeIgniter->run()
#3 /Users/fred/projects/m/vendor/codeigniter4/framework/system/Boot.php(68): CodeIgniter\Boot::runCodeIgniter(Object(CodeIgniter\CodeIgniter))
#4 /Users/fred/projects/m/public/index.php(64): CodeIgniter\Boot::bootWeb(Object(Config\Paths))
#5 /Users/fred/projects/m/vendor/codeigniter4/framework/system/rewrite.php(44): require_once('/Users/fred/pro...')
#6 {main}
[Method: GET, Route: img/logo.png]
in SYSTEMPATH/Format/JSONFormatter.php on line 44.
 1 [internal function]: CodeIgniter\Debug\Exceptions->shutdownHandler()
CRITICAL - 2026-06-20 23:37:52 --> Error: Class "PublicController" not found
[Method: GET, Route: img/logo.png]
in SYSTEMPATH/CodeIgniter.php on line 944.
 1 SYSTEMPATH/CodeIgniter.php(1006): CodeIgniter\CodeIgniter->createController()
 2 SYSTEMPATH/CodeIgniter.php(369): CodeIgniter\CodeIgniter->display404errors(Object(CodeIgniter\Exceptions\PageNotFoundException))
 3 SYSTEMPATH/Boot.php(417): CodeIgniter\CodeIgniter->run()
 4 SYSTEMPATH/Boot.php(68): CodeIgniter\Boot::runCodeIgniter(Object(CodeIgniter\CodeIgniter))
 5 FCPATH/index.php(64): CodeIgniter\Boot::bootWeb(Object(Config\Paths))
 6 SYSTEMPATH/rewrite.php(44): require_once('/Users/fred/projects/m/public/index.php')
CRITICAL - 2026-06-20 23:37:52 --> ErrorException: Uncaught ErrorException: Undefined property: Config\Format::$jsonEncodeDepth in /Users/fred/projects/m/vendor/codeigniter4/framework/system/Format/JSONFormatter.php:44
Stack trace:
#0 /Users/fred/projects/m/vendor/codeigniter4/framework/system/Format/JSONFormatter.php(44): CodeIgniter\Debug\Exceptions->errorHandler(2, 'Undefined prope...', '/Users/fred/pro...', 44)
#1 /Users/fred/projects/m/vendor/codeigniter4/framework/system/API/ResponseTrait.php(352): CodeIgniter\Format\JSONFormatter->format('')
#2 /Users/fred/projects/m/vendor/codeigniter4/framework/system/API/ResponseTrait.php(111): CodeIgniter\Debug\ExceptionHandler->format('')
#3 /Users/fred/projects/m/vendor/codeigniter4/framework/system/Debug/ExceptionHandler.php(95): CodeIgniter\Debug\ExceptionHandler->respond('', 500)
#4 /Users/fred/projects/m/vendor/codeigniter4/framework/system/Debug/Exceptions.php(151): CodeIgniter\Debug\ExceptionHandler->handle(Object(Error), Object(CodeIgniter\HTTP\IncomingRequest), Object(CodeIgniter\HTTP\Response), 500, 1)
#5 [internal function]: CodeIgniter\Debug\Exceptions->exceptionHandler(Object(Error))
#6 {main}
  thrown
【Previous Exception】
Error
Class "PublicController" not found
#0 /Users/fred/projects/m/vendor/codeigniter4/framework/system/CodeIgniter.php(1006): CodeIgniter\CodeIgniter->createController()
#1 /Users/fred/projects/m/vendor/codeigniter4/framework/system/CodeIgniter.php(369): CodeIgniter\CodeIgniter->display404errors(Object(CodeIgniter\Exceptions\PageNotFoundException))
#2 /Users/fred/projects/m/vendor/codeigniter4/framework/system/Boot.php(417): CodeIgniter\CodeIgniter->run()
#3 /Users/fred/projects/m/vendor/codeigniter4/framework/system/Boot.php(68): CodeIgniter\Boot::runCodeIgniter(Object(CodeIgniter\CodeIgniter))
#4 /Users/fred/projects/m/public/index.php(64): CodeIgniter\Boot::bootWeb(Object(Config\Paths))
#5 /Users/fred/projects/m/vendor/codeigniter4/framework/system/rewrite.php(44): require_once('/Users/fred/pro...')
#6 {main}
[Method: GET, Route: img/logo.png]
in SYSTEMPATH/Format/JSONFormatter.php on line 44.
 1 [internal function]: CodeIgniter\Debug\Exceptions->shutdownHandler()
CRITICAL - 2026-06-20 23:37:52 --> Error: Class "PublicController" not found
[Method: GET, Route: img/logo.png]
in SYSTEMPATH/CodeIgniter.php on line 944.
 1 SYSTEMPATH/CodeIgniter.php(1006): CodeIgniter\CodeIgniter->createController()
 2 SYSTEMPATH/CodeIgniter.php(369): CodeIgniter\CodeIgniter->display404errors(Object(CodeIgniter\Exceptions\PageNotFoundException))
 3 SYSTEMPATH/Boot.php(417): CodeIgniter\CodeIgniter->run()
 4 SYSTEMPATH/Boot.php(68): CodeIgniter\Boot::runCodeIgniter(Object(CodeIgniter\CodeIgniter))
 5 FCPATH/index.php(64): CodeIgniter\Boot::bootWeb(Object(Config\Paths))
 6 SYSTEMPATH/rewrite.php(44): require_once('/Users/fred/projects/m/public/index.php')
CRITICAL - 2026-06-20 23:37:52 --> ErrorException: Uncaught ErrorException: Undefined property: Config\Format::$jsonEncodeDepth in /Users/fred/projects/m/vendor/codeigniter4/framework/system/Format/JSONFormatter.php:44
Stack trace:
#0 /Users/fred/projects/m/vendor/codeigniter4/framework/system/Format/JSONFormatter.php(44): CodeIgniter\Debug\Exceptions->errorHandler(2, 'Undefined prope...', '/Users/fred/pro...', 44)
#1 /Users/fred/projects/m/vendor/codeigniter4/framework/system/API/ResponseTrait.php(352): CodeIgniter\Format\JSONFormatter->format('')
#2 /Users/fred/projects/m/vendor/codeigniter4/framework/system/API/ResponseTrait.php(111): CodeIgniter\Debug\ExceptionHandler->format('')
#3 /Users/fred/projects/m/vendor/codeigniter4/framework/system/Debug/ExceptionHandler.php(95): CodeIgniter\Debug\ExceptionHandler->respond('', 500)
#4 /Users/fred/projects/m/vendor/codeigniter4/framework/system/Debug/Exceptions.php(151): CodeIgniter\Debug\ExceptionHandler->handle(Object(Error), Object(CodeIgniter\HTTP\IncomingRequest), Object(CodeIgniter\HTTP\Response), 500, 1)
#5 [internal function]: CodeIgniter\Debug\Exceptions->exceptionHandler(Object(Error))
#6 {main}
  thrown
【Previous Exception】
Error
Class "PublicController" not found
#0 /Users/fred/projects/m/vendor/codeigniter4/framework/system/CodeIgniter.php(1006): CodeIgniter\CodeIgniter->createController()
#1 /Users/fred/projects/m/vendor/codeigniter4/framework/system/CodeIgniter.php(369): CodeIgniter\CodeIgniter->display404errors(Object(CodeIgniter\Exceptions\PageNotFoundException))
#2 /Users/fred/projects/m/vendor/codeigniter4/framework/system/Boot.php(417): CodeIgniter\CodeIgniter->run()
#3 /Users/fred/projects/m/vendor/codeigniter4/framework/system/Boot.php(68): CodeIgniter\Boot::runCodeIgniter(Object(CodeIgniter\CodeIgniter))
#4 /Users/fred/projects/m/public/index.php(64): CodeIgniter\Boot::bootWeb(Object(Config\Paths))
#5 /Users/fred/projects/m/vendor/codeigniter4/framework/system/rewrite.php(44): require_once('/Users/fred/pro...')
#6 {main}
[Method: GET, Route: img/logo.png]
in SYSTEMPATH/Format/JSONFormatter.php on line 44.
 1 [internal function]: CodeIgniter\Debug\Exceptions->shutdownHandler()
CRITICAL - 2026-06-20 20:47:04 --> ErrorException: require_once(/Users/fred/projects/mdgoatco/vendor/codeigniter4/framework/system/ThirdParty/Kint/init.php): Failed to open stream: No such file or directory
[Method: GET, Route: /]
in SYSTEMPATH/Autoloader/Autoloader.php on line 548.
 1 SYSTEMPATH/Autoloader/Autoloader.php(548): CodeIgniter\Debug\Exceptions->errorHandler(2, 'require_once(/Users/fred/projects/mdgoatco/vendor/codeigniter4/framework/system/ThirdParty/Kint/init.php): Failed to open stream: No such file or directory', '/Users/fred/projects/mdgoatco/vendor/codeigniter4/framework/system/Autoloader/Autoloader.php', 548)
 2 SYSTEMPATH/Autoloader/Autoloader.php(548): require_once()
 3 SYSTEMPATH/Autoloader/Autoloader.php(520): CodeIgniter\Autoloader\Autoloader->autoloadKint()
 4 SYSTEMPATH/Boot.php(385): CodeIgniter\Autoloader\Autoloader->initializeKint(true)
 5 SYSTEMPATH/Boot.php(160): CodeIgniter\Boot::initializeKint()
 6 ROOTPATH/spark(84): CodeIgniter\Boot::bootSpark(Object(Config\Paths))
CRITICAL - 2026-06-20 20:47:04 --> ErrorException: Uncaught ErrorException: Undefined property: Config\Format::$jsonEncodeDepth in /Users/fred/projects/mdgoatco/vendor/codeigniter4/framework/system/Format/JSONFormatter.php:44
Stack trace:
#0 /Users/fred/projects/mdgoatco/vendor/codeigniter4/framework/system/Format/JSONFormatter.php(44): CodeIgniter\Debug\Exceptions->errorHandler(2, 'Undefined prope...', '/Users/fred/pro...', 44)
#1 /Users/fred/projects/mdgoatco/vendor/codeigniter4/framework/system/API/ResponseTrait.php(352): CodeIgniter\Format\JSONFormatter->format(Array)
#2 /Users/fred/projects/mdgoatco/vendor/codeigniter4/framework/system/API/ResponseTrait.php(111): CodeIgniter\Debug\ExceptionHandler->format(Array)
#3 /Users/fred/projects/mdgoatco/vendor/codeigniter4/framework/system/Debug/ExceptionHandler.php(95): CodeIgniter\Debug\ExceptionHandler->respond(Array, 500)
#4 /Users/fred/projects/mdgoatco/vendor/codeigniter4/framework/system/Debug/Exceptions.php(151): CodeIgniter\Debug\ExceptionHandler->handle(Object(ErrorException), Object(CodeIgniter\HTTP\IncomingRequest), Object(CodeIgniter\HTTP\Response), 500, 1)
#5 [internal function]: CodeIgniter\Debug\Exceptions->exceptionHandler(Object(ErrorException))
#6 {main}
  thrown
【Previous Exception】
ErrorException
require_once(/Users/fred/projects/mdgoatco/vendor/codeigniter4/framework/system/ThirdParty/Kint/init.php): Failed to open stream: No such file or directory
#0 /Users/fred/projects/mdgoatco/vendor/codeigniter4/framework/system/Autoloader/Autoloader.php(548): CodeIgniter\Debug\Exceptions->errorHandler(2, 'require_once(/U...', '/Users/fred/pro...', 548)
#1 /Users/fred/projects/mdgoatco/vendor/codeigniter4/framework/system/Autoloader/Autoloader.php(548): require_once()
#2 /Users/fred/projects/mdgoatco/vendor/codeigniter4/framework/system/Autoloader/Autoloader.php(520): CodeIgniter\Autoloader\Autoloader->autoloadKint()
#3 /Users/fred/projects/mdgoatco/vendor/codeigniter4/framework/system/Boot.php(385): CodeIgniter\Autoloader\Autoloader->initializeKint(true)
#4 /Users/fred/projects/mdgoatco/vendor/codeigniter4/framework/system/Boot.php(160): CodeIgniter\Boot::initializeKint()
#5 /Users/fred/projects/mdgoatco/spark(84): CodeIgniter\Boot::bootSpark(Object(Config\Paths))
#6 {main}
[Method: GET, Route: /]
in SYSTEMPATH/Format/JSONFormatter.php on line 44.
 1 [internal function]: CodeIgniter\Debug\Exceptions->shutdownHandler()
CRITICAL - 2026-06-20 20:52:43 --> ErrorException: require_once(/Users/fred/projects/mdgoatco/vendor/codeigniter4/framework/system/ThirdParty/Kint/init.php): Failed to open stream: No such file or directory
[Method: GET, Route: /]
in SYSTEMPATH/Autoloader/Autoloader.php on line 548.
 1 SYSTEMPATH/Autoloader/Autoloader.php(548): CodeIgniter\Debug\Exceptions->errorHandler(2, 'require_once(/Users/fred/projects/mdgoatco/vendor/codeigniter4/framework/system/ThirdParty/Kint/init.php): Failed to open stream: No such file or directory', '/Users/fred/projects/mdgoatco/vendor/codeigniter4/framework/system/Autoloader/Autoloader.php', 548)
 2 SYSTEMPATH/Autoloader/Autoloader.php(548): require_once()
 3 SYSTEMPATH/Autoloader/Autoloader.php(520): CodeIgniter\Autoloader\Autoloader->autoloadKint()
 4 SYSTEMPATH/Boot.php(385): CodeIgniter\Autoloader\Autoloader->initializeKint(true)
 5 SYSTEMPATH/Boot.php(160): CodeIgniter\Boot::initializeKint()
 6 ROOTPATH/spark(84): CodeIgniter\Boot::bootSpark(Object(Config\Paths))
CRITICAL - 2026-06-20 20:53:58 --> Error: Undefined constant Kint\Renderer\AbstractRenderer::SORT_FULL
[Method: GET, Route: /]
in APPPATH/Config/Kint.php on line 44.
 1 SYSTEMPATH/Autoloader/Autoloader.php(554): [constant expression]()
 2 SYSTEMPATH/Autoloader/Autoloader.php(521): CodeIgniter\Autoloader\Autoloader->configureKint()
 3 SYSTEMPATH/Boot.php(385): CodeIgniter\Autoloader\Autoloader->initializeKint(true)
 4 SYSTEMPATH/Boot.php(160): CodeIgniter\Boot::initializeKint()
 5 ROOTPATH/spark(84): CodeIgniter\Boot::bootSpark(Object(Config\Paths))
CRITICAL - 2026-06-20 21:03:44 --> Error: Class "Kint\Renderer\AbstractRenderer" not found
[Method: GET, Route: /]
in APPPATH/Config/Kint.php on line 44.
 1 SYSTEMPATH/Autoloader/Autoloader.php(554): [constant expression]()
 2 SYSTEMPATH/Autoloader/Autoloader.php(521): CodeIgniter\Autoloader\Autoloader->configureKint()
 3 SYSTEMPATH/Boot.php(385): CodeIgniter\Autoloader\Autoloader->initializeKint(true)
 4 SYSTEMPATH/Boot.php(160): CodeIgniter\Boot::initializeKint()
 5 ROOTPATH/spark(84): CodeIgniter\Boot::bootSpark(Object(Config\Paths))
CRITICAL - 2026-06-20 21:04:58 --> Error: Class "Kint\Renderer\AbstractRenderer" not found
[Method: GET, Route: /]
in APPPATH/Config/Kint.php on line 44.
 1 SYSTEMPATH/Autoloader/Autoloader.php(554): [constant expression]()
 2 SYSTEMPATH/Autoloader/Autoloader.php(521): CodeIgniter\Autoloader\Autoloader->configureKint()
 3 SYSTEMPATH/Boot.php(385): CodeIgniter\Autoloader\Autoloader->initializeKint(true)
 4 SYSTEMPATH/Boot.php(160): CodeIgniter\Boot::initializeKint()
 5 ROOTPATH/spark(84): CodeIgniter\Boot::bootSpark(Object(Config\Paths))
CRITICAL - 2026-06-20 21:05:27 --> ErrorException: include(/Users/fred/projects/mdgoatco/vendor/composer/../../app/Config/Kint.php): Failed to open stream: No such file or directory
[Method: GET, Route: /]
in VENDORPATH/composer/ClassLoader.php on line 576.
 1 VENDORPATH/composer/ClassLoader.php(576): CodeIgniter\Debug\Exceptions->errorHandler(2, 'include(/Users/fred/projects/mdgoatco/vendor/composer/../../app/Config/Kint.php): Failed to open stream: No such file or directory', '/Users/fred/projects/mdgoatco/vendor/composer/ClassLoader.php', 576)
 2 VENDORPATH/composer/ClassLoader.php(576): include()
 3 VENDORPATH/composer/ClassLoader.php(427): {closure:Composer\Autoload\ClassLoader::initializeIncludeClosure():575}('/Users/fred/projects/mdgoatco/vendor/composer/../../app/Config/Kint.php')
 4 SYSTEMPATH/Autoloader/Autoloader.php(554): Composer\Autoload\ClassLoader->loadClass('Config\\Kint')
 5 SYSTEMPATH/Autoloader/Autoloader.php(521): CodeIgniter\Autoloader\Autoloader->configureKint()
 6 SYSTEMPATH/Boot.php(385): CodeIgniter\Autoloader\Autoloader->initializeKint(true)
 7 SYSTEMPATH/Boot.php(160): CodeIgniter\Boot::initializeKint()
 8 ROOTPATH/spark(84): CodeIgniter\Boot::bootSpark(Object(Config\Paths))
CRITICAL - 2026-06-20 21:07:00 --> Error: Class "Kint\Renderer\AbstractRenderer" not found
[Method: GET, Route: /]
in APPPATH/Config/Kint.php on line 44.
 1 SYSTEMPATH/Autoloader/Autoloader.php(554): [constant expression]()
 2 SYSTEMPATH/Autoloader/Autoloader.php(521): CodeIgniter\Autoloader\Autoloader->configureKint()
 3 SYSTEMPATH/Boot.php(385): CodeIgniter\Autoloader\Autoloader->initializeKint(true)
 4 SYSTEMPATH/Boot.php(160): CodeIgniter\Boot::initializeKint()
 5 ROOTPATH/spark(84): CodeIgniter\Boot::bootSpark(Object(Config\Paths))
